<?xml version="1.0" encoding="UTF-8"?>
<!-- Generated by org.testng.reporters.JUnitXMLReporter -->
<testsuite ignored="6" hostname="DESKTOP-FG35CVC" failures="0" tests="3" name="Test" time="0.192" errors="0" timestamp="2022-06-01T22:05:26 PDT">
  <testcase classname="Test.Zerodalogin" name="testp" time="0.028"/>
  <testcase classname="Test.Zeroda1" name="test2" time="0.002"/>
  <testcase classname="Test.Zeroda1" name="testo" time="0.005"/>
  <testcase classname="Test.Zeroda" name="teste" time="0.0">
    <ignored/>
  </testcase> <!-- teste -->
  <testcase classname="Test.Zeroda" name="test1" time="0.0">
    <ignored/>
  </testcase> <!-- test1 -->
  <testcase classname="Test.Zerodalogin" name="test2" time="0.0">
    <ignored/>
  </testcase> <!-- test2 -->
  <testcase classname="Test.Zeroda" name="test2" time="0.0">
    <ignored/>
  </testcase> <!-- test2 -->
  <testcase classname="Test.Zeroda" name="testm" time="0.0">
    <ignored/>
  </testcase> <!-- testm -->
  <testcase classname="Test.Zerodalogin" name="testo" time="0.0">
    <ignored/>
  </testcase> <!-- testo -->
</testsuite> <!-- Test -->
